<?xml version="1.0" encoding="UTF-8"?>
<testng-results ignored="0" total="1" passed="1" failed="0" skipped="0">
  <reporter-output>
  </reporter-output>
  <suite started-at="2022-03-13T19:03:52 EDT" name="Default suite" finished-at="2022-03-13T19:03:52 EDT" duration-ms="25">
    <groups>
    </groups>
    <test started-at="2022-03-13T19:03:52 EDT" name="Default test" finished-at="2022-03-13T19:03:52 EDT" duration-ms="25">
      <class name="com.codewar.OrderOfBraces.NewTest">
        <test-method signature="f()[pri:0, instance:com.codewar.OrderOfBraces.NewTest@dd0c991]" started-at="2022-03-13T19:03:52 EDT" name="f" finished-at="2022-03-13T19:03:52 EDT" duration-ms="5" status="PASS">
          <reporter-output>
          </reporter-output>
        </test-method> <!-- f -->
      </class> <!-- com.codewar.OrderOfBraces.NewTest -->
    </test> <!-- Default test -->
  </suite> <!-- Default suite -->
</testng-results>
